✘ [ERROR] "vitepress" resolved to an ESM file. ESM file cannot be loaded by `require`. See https://vite.dev/guide/troubleshooting.html#this-package-is-esm-only for more details. [plugin externalize-deps]

    node_modules/esbuild/lib/main.js:1225:27:
      1225 │         let result = await callback({
           ╵                            ^

    at file:///mnt/BWS/public_projects/test_project/packages/omniguard/docs/node_modules/vite/dist/node/chunks/dep-BK3b2jBa.js:66928:23
    at requestCallbacks.on-resolve (/mnt/BWS/public_projects/test_project/packages/omniguard/docs/node_modules/esbuild/lib/main.js:1225:28)
    at handleRequest (/mnt/BWS/public_projects/test_project/packages/omniguard/docs/node_modules/esbuild/lib/main.js:647:17)
    at handleIncomingPacket (/mnt/BWS/public_projects/test_project/packages/omniguard/docs/node_modules/esbuild/lib/main.js:672:7)
    at Socket.readFromStdout (/mnt/BWS/public_projects/test_project/packages/omniguard/docs/node_modules/esbuild/lib/main.js:600:7)
    at Socket.emit (node:events:509:20)
    at addChunk (node:internal/streams/readable:564:12)
    at readableAddChunkPushByteMode (node:internal/streams/readable:515:3)
    at Readable.push (node:internal/streams/readable:395:5)
    at Pipe.onStreamRead (node:internal/stream_base_commons:189:23)

  This error came from the "onResolve" callback registered here:

    node_modules/esbuild/lib/main.js:1150:20:
      1150 │       let promise = setup({
           ╵                     ^

    at setup (file:///mnt/BWS/public_projects/test_project/packages/omniguard/docs/node_modules/vite/dist/node/chunks/dep-BK3b2jBa.js:66890:18)
    at handlePlugins (/mnt/BWS/public_projects/test_project/packages/omniguard/docs/node_modules/esbuild/lib/main.js:1150:21)
    at buildOrContextImpl (/mnt/BWS/public_projects/test_project/packages/omniguard/docs/node_modules/esbuild/lib/main.js:873:5)
    at Object.buildOrContext (/mnt/BWS/public_projects/test_project/packages/omniguard/docs/node_modules/esbuild/lib/main.js:699:5)
    at /mnt/BWS/public_projects/test_project/packages/omniguard/docs/node_modules/esbuild/lib/main.js:2023:15
    at new Promise (<anonymous>)
    at Object.build (/mnt/BWS/public_projects/test_project/packages/omniguard/docs/node_modules/esbuild/lib/main.js:2022:25)
    at build (/mnt/BWS/public_projects/test_project/packages/omniguard/docs/node_modules/esbuild/lib/main.js:1873:51)
    at bundleConfigFile (file:///mnt/BWS/public_projects/test_project/packages/omniguard/docs/node_modules/vite/dist/node/chunks/dep-BK3b2jBa.js:66845:24)

  The plugin "externalize-deps" was triggered by this import

    .vitepress/config.js:1:413:
      1 │ ...docs/.vitepress/config.js";import { defineConfig } from 'vitepress'
        ╵                                                            ~~~~~~~~~~~

failed to load config from /mnt/BWS/public_projects/test_project/packages/omniguard/docs/.vitepress/config.js
build error:
Build failed with 1 error:
node_modules/esbuild/lib/main.js:1225:27: ERROR: [plugin: externalize-deps] "vitepress" resolved to an ESM file. ESM file cannot be loaded by `require`. See https://vite.dev/guide/troubleshooting.html#this-package-is-esm-only for more details.
Error: Build failed with 1 error:
node_modules/esbuild/lib/main.js:1225:27: ERROR: [plugin: externalize-deps] "vitepress" resolved to an ESM file. ESM file cannot be loaded by `require`. See https://vite.dev/guide/troubleshooting.html#this-package-is-esm-only for more details.
    at failureErrorWithLog (/mnt/BWS/public_projects/test_project/packages/omniguard/docs/node_modules/esbuild/lib/main.js:1472:15)
    at /mnt/BWS/public_projects/test_project/packages/omniguard/docs/node_modules/esbuild/lib/main.js:945:25
    at runOnEndCallbacks (/mnt/BWS/public_projects/test_project/packages/omniguard/docs/node_modules/esbuild/lib/main.js:1315:45)
    at buildResponseToResult (/mnt/BWS/public_projects/test_project/packages/omniguard/docs/node_modules/esbuild/lib/main.js:943:7)
    at /mnt/BWS/public_projects/test_project/packages/omniguard/docs/node_modules/esbuild/lib/main.js:970:16
    at responseCallbacks.<computed> (/mnt/BWS/public_projects/test_project/packages/omniguard/docs/node_modules/esbuild/lib/main.js:622:9)
    at handleIncomingPacket (/mnt/BWS/public_projects/test_project/packages/omniguard/docs/node_modules/esbuild/lib/main.js:677:12)
    at Socket.readFromStdout (/mnt/BWS/public_projects/test_project/packages/omniguard/docs/node_modules/esbuild/lib/main.js:600:7)
    at Socket.emit (node:events:509:20)
    at addChunk (node:internal/streams/readable:564:12)
